This is pdfTeX, Version 3.1415926-2.4-1.40.13 (TeX Live 2012) (format=pdflatex 2014.1.12)  16 MAY 2014 07:34
entering extended mode
 restricted \write18 enabled.
 %&-line parsing enabled.
**lab.tex
(./lab.tex
LaTeX2e <2011/06/27>
Babel <v3.8m> and hyphenation patterns for english, dumylang, nohyphenation, ar
abic, farsi, ukenglish, usenglishmax, loaded.
(/usr/share/texmf-dist/tex/latex/base/article.cls
Document Class: article 2007/10/19 v1.4h Standard LaTeX document class
(/usr/share/texmf-dist/tex/latex/base/size12.clo
File: size12.clo 2007/10/19 v1.4h Standard LaTeX file (size option)
)
\c@part=\count79
\c@section=\count80
\c@subsection=\count81
\c@subsubsection=\count82
\c@paragraph=\count83
\c@subparagraph=\count84
\c@figure=\count85
\c@table=\count86
\abovecaptionskip=\skip41
\belowcaptionskip=\skip42
\bibindent=\dimen102
)
(/usr/share/texmf-dist/tex/latex/graphics/graphicx.sty
Package: graphicx 1999/02/16 v1.0f Enhanced LaTeX Graphics (DPC,SPQR)

(/usr/share/texmf-dist/tex/latex/graphics/keyval.sty
Package: keyval 1999/03/16 v1.13 key=value parser (DPC)
\KV@toks@=\toks14
)
(/usr/share/texmf-dist/tex/latex/graphics/graphics.sty
Package: graphics 2009/02/05 v1.0o Standard LaTeX Graphics (DPC,SPQR)

(/usr/share/texmf-dist/tex/latex/graphics/trig.sty
Package: trig 1999/03/16 v1.09 sin cos tan (DPC)
)
(/usr/share/texmf-dist/tex/latex/latexconfig/graphics.cfg
File: graphics.cfg 2010/04/23 v1.9 graphics configuration of TeX Live
)
Package graphics Info: Driver file: pdftex.def on input line 91.

(/usr/share/texmf-dist/tex/latex/pdftex-def/pdftex.def
File: pdftex.def 2011/05/27 v0.06d Graphics/color for pdfTeX

(/usr/share/texmf-dist/tex/generic/oberdiek/infwarerr.sty
Package: infwarerr 2010/04/08 v1.3 Providing info/warning/error messages (HO)
)
(/usr/share/texmf-dist/tex/generic/oberdiek/ltxcmds.sty
Package: ltxcmds 2011/11/09 v1.22 LaTeX kernel commands for general use (HO)
)
\Gread@gobject=\count87
))
\Gin@req@height=\dimen103
\Gin@req@width=\dimen104
)
(/usr/share/texmf-site/tex/latex/xcolor/xcolor.sty
Package: xcolor 2007/01/21 v2.11 LaTeX color extensions (UK)

(/usr/share/texmf-dist/tex/latex/latexconfig/color.cfg
File: color.cfg 2007/01/18 v1.5 color configuration of teTeX/TeXLive
)
Package xcolor Info: Driver file: pdftex.def on input line 225.
Package xcolor Info: Model `cmy' substituted by `cmy0' on input line 1337.
Package xcolor Info: Model `hsb' substituted by `rgb' on input line 1341.
Package xcolor Info: Model `RGB' extended on input line 1353.
Package xcolor Info: Model `HTML' substituted by `rgb' on input line 1355.
Package xcolor Info: Model `Hsb' substituted by `hsb' on input line 1356.
Package xcolor Info: Model `tHsb' substituted by `hsb' on input line 1357.
Package xcolor Info: Model `HSB' substituted by `hsb' on input line 1358.
Package xcolor Info: Model `Gray' substituted by `gray' on input line 1359.
Package xcolor Info: Model `wave' substituted by `hsb' on input line 1360.
)
(/usr/share/texmf-dist/tex/latex/marginnote/marginnote.sty
Package: marginnote 2012/03/29 v1.1i non floating margin notes for LaTeX
\c@mn@abspage=\count88
)
(/usr/share/texmf-dist/tex/latex/enumitem/enumitem.sty
Package: enumitem 2011/09/28 v3.5.2 Customized lists
\labelindent=\skip43
\enit@outerparindent=\dimen105
\enit@toks=\toks15
\enit@inbox=\box26
\enitdp@description=\count89
)
(/usr/share/texmf-dist/tex/latex/hyperref/hyperref.sty
Package: hyperref 2012/05/13 v6.82q Hypertext links for LaTeX

(/usr/share/texmf-dist/tex/generic/oberdiek/hobsub-hyperref.sty
Package: hobsub-hyperref 2012/05/28 v1.13 Bundle oberdiek, subset hyperref (HO)


(/usr/share/texmf-dist/tex/generic/oberdiek/hobsub-generic.sty
Package: hobsub-generic 2012/05/28 v1.13 Bundle oberdiek, subset generic (HO)
Package: hobsub 2012/05/28 v1.13 Construct package bundles (HO)
Package hobsub Info: Skipping package `infwarerr' (already loaded).
Package hobsub Info: Skipping package `ltxcmds' (already loaded).
Package: ifluatex 2010/03/01 v1.3 Provides the ifluatex switch (HO)
Package ifluatex Info: LuaTeX not detected.
Package: ifvtex 2010/03/01 v1.5 Detect VTeX and its facilities (HO)
Package ifvtex Info: VTeX not detected.
Package: intcalc 2007/09/27 v1.1 Expandable calculations with integers (HO)
Package: ifpdf 2011/01/30 v2.3 Provides the ifpdf switch (HO)
Package ifpdf Info: pdfTeX in PDF mode is detected.
Package: etexcmds 2011/02/16 v1.5 Avoid name clashes with e-TeX commands (HO)
Package etexcmds Info: Could not find \expanded.
(etexcmds)             That can mean that you are not using pdfTeX 1.50 or
(etexcmds)             that some package has redefined \expanded.
(etexcmds)             In the latter case, load this package earlier.
Package: kvsetkeys 2012/04/25 v1.16 Key value parser (HO)
Package: kvdefinekeys 2011/04/07 v1.3 Define keys (HO)
Package: pdftexcmds 2011/11/29 v0.20 Utility functions of pdfTeX for LuaTeX (HO
)
Package pdftexcmds Info: LuaTeX not detected.
Package pdftexcmds Info: \pdf@primitive is available.
Package pdftexcmds Info: \pdf@ifprimitive is available.
Package pdftexcmds Info: \pdfdraftmode found.
Package: pdfescape 2011/11/25 v1.13 Implements pdfTeX's escape features (HO)
Package: bigintcalc 2012/04/08 v1.3 Expandable calculations on big integers (HO
)
Package: bitset 2011/01/30 v1.1 Handle bit-vector datatype (HO)
Package: uniquecounter 2011/01/30 v1.2 Provide unlimited unique counter (HO)
)
Package hobsub Info: Skipping package `hobsub' (already loaded).
Package: letltxmacro 2010/09/02 v1.4 Let assignment for LaTeX macros (HO)
Package: hopatch 2012/05/28 v1.2 Wrapper for package hooks (HO)
Package: xcolor-patch 2011/01/30 xcolor patch
Package: atveryend 2011/06/30 v1.8 Hooks at the very end of document (HO)
Package atveryend Info: \enddocument detected (standard20110627).
Package: atbegshi 2011/10/05 v1.16 At begin shipout hook (HO)
Package: refcount 2011/10/16 v3.4 Data extraction from label references (HO)
Package: hycolor 2011/01/30 v1.7 Color options for hyperref/bookmark (HO)
)
(/usr/share/texmf-dist/tex/generic/ifxetex/ifxetex.sty
Package: ifxetex 2010/09/12 v0.6 Provides ifxetex conditional
)
(/usr/share/texmf-dist/tex/latex/oberdiek/kvoptions.sty
Package: kvoptions 2011/06/30 v3.11 Key value format for package options (HO)
)
\@linkdim=\dimen106
\Hy@linkcounter=\count90
\Hy@pagecounter=\count91

(/usr/share/texmf-dist/tex/latex/hyperref/pd1enc.def
File: pd1enc.def 2012/05/13 v6.82q Hyperref: PDFDocEncoding definition (HO)
)
\Hy@SavedSpaceFactor=\count92

(/usr/share/texmf-dist/tex/latex/latexconfig/hyperref.cfg
File: hyperref.cfg 2002/06/06 v1.2 hyperref configuration of TeXLive
)
Package hyperref Info: Hyper figures OFF on input line 4062.
Package hyperref Info: Link nesting OFF on input line 4067.
Package hyperref Info: Hyper index ON on input line 4070.
Package hyperref Info: Plain pages OFF on input line 4077.
Package hyperref Info: Backreferencing OFF on input line 4082.
Package hyperref Info: Implicit mode ON; LaTeX internals redefined.
Package hyperref Info: Bookmarks ON on input line 4300.
\c@Hy@tempcnt=\count93

(/usr/share/texmf-dist/tex/latex/url/url.sty
\Urlmuskip=\muskip10
Package: url 2006/04/12  ver 3.3  Verb mode for urls, etc.
)
LaTeX Info: Redefining \url on input line 4653.
\Fld@menulength=\count94
\Field@Width=\dimen107
\Fld@charsize=\dimen108
Package hyperref Info: Hyper figures OFF on input line 5773.
Package hyperref Info: Link nesting OFF on input line 5778.
Package hyperref Info: Hyper index ON on input line 5781.
Package hyperref Info: backreferencing OFF on input line 5788.
Package hyperref Info: Link coloring OFF on input line 5793.
Package hyperref Info: Link coloring with OCG OFF on input line 5798.
Package hyperref Info: PDF/A mode OFF on input line 5803.
LaTeX Info: Redefining \ref on input line 5843.
LaTeX Info: Redefining \pageref on input line 5847.
\Hy@abspage=\count95
\c@Item=\count96
\c@Hfootnote=\count97
)

Package hyperref Message: Driver: hpdftex.

(/usr/share/texmf-dist/tex/latex/hyperref/hpdftex.def
File: hpdftex.def 2012/05/13 v6.82q Hyperref driver for pdfTeX
\Fld@listcount=\count98
\c@bookmark@seq@number=\count99

(/usr/share/texmf-dist/tex/latex/oberdiek/rerunfilecheck.sty
Package: rerunfilecheck 2011/04/15 v1.7 Rerun checks for auxiliary files (HO)
Package uniquecounter Info: New unique counter `rerunfilecheck' on input line 2
82.
)
\Hy@SectionHShift=\skip44
)
(/usr/share/texmf-dist/tex/latex/geometry/geometry.sty
Package: geometry 2010/09/12 v5.6 Page Geometry
\Gm@cnth=\count100
\Gm@cntv=\count101
\c@Gm@tempcnt=\count102
\Gm@bindingoffset=\dimen109
\Gm@wd@mp=\dimen110
\Gm@odd@mp=\dimen111
\Gm@even@mp=\dimen112
\Gm@layoutwidth=\dimen113
\Gm@layoutheight=\dimen114
\Gm@layouthoffset=\dimen115
\Gm@layoutvoffset=\dimen116
\Gm@dimlist=\toks16
) (./lab.aux)
\openout1 = `lab.aux'.

LaTeX Font Info:    Checking defaults for OML/cmm/m/it on input line 10.
LaTeX Font Info:    ... okay on input line 10.
LaTeX Font Info:    Checking defaults for T1/cmr/m/n on input line 10.
LaTeX Font Info:    ... okay on input line 10.
LaTeX Font Info:    Checking defaults for OT1/cmr/m/n on input line 10.
LaTeX Font Info:    ... okay on input line 10.
LaTeX Font Info:    Checking defaults for OMS/cmsy/m/n on input line 10.
LaTeX Font Info:    ... okay on input line 10.
LaTeX Font Info:    Checking defaults for OMX/cmex/m/n on input line 10.
LaTeX Font Info:    ... okay on input line 10.
LaTeX Font Info:    Checking defaults for U/cmr/m/n on input line 10.
LaTeX Font Info:    ... okay on input line 10.
LaTeX Font Info:    Checking defaults for PD1/pdf/m/n on input line 10.
LaTeX Font Info:    ... okay on input line 10.

(/usr/share/texmf-dist/tex/context/base/supp-pdf.mkii
[Loading MPS to PDF converter (version 2006.09.02).]
\scratchcounter=\count103
\scratchdimen=\dimen117
\scratchbox=\box27
\nofMPsegments=\count104
\nofMParguments=\count105
\everyMPshowfont=\toks17
\MPscratchCnt=\count106
\MPscratchDim=\dimen118
\MPnumerator=\count107
\makeMPintoPDFobject=\count108
\everyMPtoPDFconversion=\toks18
) (/usr/share/texmf-dist/tex/latex/oberdiek/epstopdf-base.sty
Package: epstopdf-base 2010/02/09 v2.5 Base part for package epstopdf

(/usr/share/texmf-dist/tex/latex/oberdiek/grfext.sty
Package: grfext 2010/08/19 v1.1 Manage graphics extensions (HO)
)
Package grfext Info: Graphics extension search list:
(grfext)             [.png,.pdf,.jpg,.mps,.jpeg,.jbig2,.jb2,.PNG,.PDF,.JPG,.JPE
G,.JBIG2,.JB2,.eps]
(grfext)             \AppendGraphicsExtensions on input line 452.

(/usr/share/texmf-dist/tex/latex/latexconfig/epstopdf-sys.cfg
File: epstopdf-sys.cfg 2010/07/13 v1.3 Configuration of (r)epstopdf for TeX Liv
e
))
Package marginnote Info: \pdfoutput not 0 and \pdflastxpos available.
(marginnote)             Extended position detection mode activated.
\AtBeginShipoutBox=\box28
Package hyperref Info: Link coloring OFF on input line 10.

(/usr/share/texmf-dist/tex/latex/hyperref/nameref.sty
Package: nameref 2010/04/30 v2.40 Cross-referencing by name of section

(/usr/share/texmf-dist/tex/generic/oberdiek/gettitlestring.sty
Package: gettitlestring 2010/12/03 v1.4 Cleanup title references (HO)
)
\c@section@level=\count109
)
LaTeX Info: Redefining \ref on input line 10.
LaTeX Info: Redefining \pageref on input line 10.
LaTeX Info: Redefining \nameref on input line 10.
 (./lab.out)
(./lab.out)
\@outlinefile=\write3
\openout3 = `lab.out'.


*geometry* detected driver: pdftex
*geometry* verbose mode - [ preamble ] result:
* driver: pdftex
* paper: a4paper
* layout: <same size as paper>
* layoutoffset:(h,v)=(0.0pt,0.0pt)
* modes: heightrounded 
* h-part:(L,W,R)=(56.9055pt, 398.3386pt, 142.26378pt)
* v-part:(T,H,B)=(101.40665pt, 700.96107pt, 42.67912pt)
* \paperwidth=597.50787pt
* \paperheight=845.04684pt
* \textwidth=398.3386pt
* \textheight=708.0pt
* \oddsidemargin=-15.36449pt
* \evensidemargin=-15.36449pt
* \topmargin=-7.86334pt
* \headheight=12.0pt
* \headsep=25.0pt
* \topskip=12.0pt
* \footskip=30.0pt
* \marginparwidth=113.81102pt
* \marginparsep=14.22636pt
* \columnsep=10.0pt
* \skip\footins=10.8pt plus 4.0pt minus 2.0pt
* \hoffset=0.0pt
* \voffset=0.0pt
* \mag=1000
* \@twocolumnfalse
* \@twosidefalse
* \@mparswitchfalse
* \@reversemarginfalse
* (1in=72.27pt=25.4mm, 1cm=28.453pt)

<figures/kulogo.png, id=40, 252.945pt x 74.2775pt>
File: figures/kulogo.png Graphic file (type png)
 <use figures/kulogo.png>
Package pdftex.def Info: figures/kulogo.png used on input line 14.
(pdftex.def)             Requested size: 142.26378pt x 41.77644pt.
LaTeX Font Info:    Try loading font information for OMS+cmr on input line 28.

(/usr/share/texmf-dist/tex/latex/base/omscmr.fd
File: omscmr.fd 1999/05/25 v2.5h Standard LaTeX font definitions
)
LaTeX Font Info:    Font shape `OMS/cmr/m/n' in size <12> not available
(Font)              Font shape `OMS/cmsy/m/n' tried instead on input line 28.
 [1

{/var/lib/texmf/fonts/map/pdftex/updmap/pdftex.map} <./figures/kulogo.png>]
LaTeX Font Info:    External font `cmex10' loaded for size
(Font)              <12> on input line 52.
LaTeX Font Info:    External font `cmex10' loaded for size
(Font)              <8> on input line 52.
LaTeX Font Info:    External font `cmex10' loaded for size
(Font)              <6> on input line 52.

Overfull \hbox (3.0366pt too wide) in paragraph at lines 126--126
[]\OT1/cmtt/m/n/12 +-+-+-+-+-+-+-+-+-+-+-+-+-+-+-+-+-+-+-+-+-+-+-+-+-+-+-+-+-+-
+-+-+[] 
 []


Overfull \hbox (3.0366pt too wide) in paragraph at lines 126--126
[]\OT1/cmtt/m/n/12 |  command (1)  |  version (1)  |       must be zero (2)    
    |[] 
 []


Overfull \hbox (3.0366pt too wide) in paragraph at lines 126--126
[]\OT1/cmtt/m/n/12 +---------------+---------------+---------------------------
----+[] 
 []


Overfull \hbox (3.0366pt too wide) in paragraph at lines 126--126
[]\OT1/cmtt/m/n/12 |                                                           
    |[] 
 []


Overfull \hbox (3.0366pt too wide) in paragraph at lines 126--126
[]\OT1/cmtt/m/n/12 ~                         RIP Entry (20)                    
    ~[] 
 []


Overfull \hbox (3.0366pt too wide) in paragraph at lines 126--126
[]\OT1/cmtt/m/n/12 |                                                           
    |[] 
 []


Overfull \hbox (3.0366pt too wide) in paragraph at lines 126--126
[]\OT1/cmtt/m/n/12 +---------------+---------------+---------------+-----------
----+[] 
 []


Overfull \hbox (3.0366pt too wide) in paragraph at lines 146--146
[]\OT1/cmtt/m/n/12 +-+-+-+-+-+-+-+-+-+-+-+-+-+-+-+-+-+-+-+-+-+-+-+-+-+-+-+-+-+-
+-+-+[] 
 []


Overfull \hbox (3.0366pt too wide) in paragraph at lines 146--146
[]\OT1/cmtt/m/n/12 | Address Family Identifier (2) |        Route Tag (2)      
    |[] 
 []


Overfull \hbox (3.0366pt too wide) in paragraph at lines 146--146
[]\OT1/cmtt/m/n/12 +-------------------------------+---------------------------
----+[] 
 []


Overfull \hbox (3.0366pt too wide) in paragraph at lines 146--146
[]\OT1/cmtt/m/n/12 |                         IP Address (4)                    
    |[] 
 []


Overfull \hbox (3.0366pt too wide) in paragraph at lines 146--146
[]\OT1/cmtt/m/n/12 +-----------------------------------------------------------
----+[] 
 []


Overfull \hbox (3.0366pt too wide) in paragraph at lines 146--146
[]\OT1/cmtt/m/n/12 |                         Subnet Mask (4)                   
    |[] 
 []


Overfull \hbox (3.0366pt too wide) in paragraph at lines 146--146
[]\OT1/cmtt/m/n/12 +-----------------------------------------------------------
----+[] 
 []


Overfull \hbox (3.0366pt too wide) in paragraph at lines 146--146
[]\OT1/cmtt/m/n/12 |                         Next Hop (4)                      
    |[] 
 []


Overfull \hbox (3.0366pt too wide) in paragraph at lines 146--146
[]\OT1/cmtt/m/n/12 +-----------------------------------------------------------
----+[] 
 []


Overfull \hbox (3.0366pt too wide) in paragraph at lines 146--146
[]\OT1/cmtt/m/n/12 |                         Metric (4)                        
    |[] 
 []


Overfull \hbox (3.0366pt too wide) in paragraph at lines 146--146
[]\OT1/cmtt/m/n/12 +-----------------------------------------------------------
----+[] 
 []

pdfTeX warning (ext4): destination with the same identifier (name{page.1}) has 
been already used, duplicate ignored
<to be read again> 
                   \relax 
l.153             \item C
                         ommand --- type of action (request(1) or response(2)).
[1] [2]
LaTeX Font Info:    External font `cmex10' loaded for size
(Font)              <7> on input line 189.
LaTeX Font Info:    External font `cmex10' loaded for size
(Font)              <5> on input line 189.

Underfull \hbox (badness 10000) in paragraph at lines 189--189
[][][][]$\OT1/cmtt/m/n/10 http : / / www . cisco . com / web / techdoc / dc / r
eference / cli / nxos / commands / rip /
 []


Underfull \hbox (badness 10000) in paragraph at lines 222--222
\OT1/cmtt/m/n/10 config terminal, interface <interface[]ID>, ip address <ip[]ad
dr> <netmask>,
 []

[3] <figures/rip.pdf, id=96, 344.28625pt x 288.07625pt>
File: figures/rip.pdf Graphic file (type pdf)
 <use figures/rip.pdf>
Package pdftex.def Info: figures/rip.pdf used on input line 237.
(pdftex.def)             Requested size: 358.50229pt x 299.97464pt.
Package marginnote Info: Margin note 5.1 is on absolute page 6
(marginnote)              on input line 260.
Package marginnote Info: right page because not two side mode on input line 260
.
Package marginnote Info: xpos seems to be 455.2441pt,
(marginnote)             \marginnoterightadjust ignored on input line 260.

[4 <./figures/rip.pdf>]
Package marginnote Info: Margin note 6.1 is on absolute page 6
(marginnote)              on input line 273.
Package marginnote Info: right page because not two side mode on input line 273
.
Package marginnote Info: xpos seems to be 455.2441pt,
(marginnote)             \marginnoterightadjust ignored on input line 273.
Package marginnote Info: Margin note 6.2 is on absolute page 7
(marginnote)              on input line 316.
Package marginnote Info: right page because not two side mode on input line 316
.
Package marginnote Info: xpos seems to be 455.2441pt,
(marginnote)             \marginnoterightadjust ignored on input line 316.
 [5]
Overfull \hbox (3.0366pt too wide) in paragraph at lines 379--379
[]\OT1/cmtt/m/n/12 +-+-+-+-+-+-+-+-+-+-+-+-+-+-+-+-+-+-+-+-+-+-+-+-+-+-+-+-+-+-
+-+-+[] 
 []


Overfull \hbox (3.0366pt too wide) in paragraph at lines 379--379
[]\OT1/cmtt/m/n/12 |Version|  IHL  |Type of Service|          Total Length     
    |[] 
 []


Overfull \hbox (3.0366pt too wide) in paragraph at lines 379--379
[]\OT1/cmtt/m/n/12 +-+-+-+-+-+-+-+-+-+-+-+-+-+-+-+-+-+-+-+-+-+-+-+-+-+-+-+-+-+-
+-+-+[] 
 []


Overfull \hbox (3.0366pt too wide) in paragraph at lines 379--379
[]\OT1/cmtt/m/n/12 |         Identification        |Flags|      Fragment Offset
    |[] 
 []


Overfull \hbox (3.0366pt too wide) in paragraph at lines 379--379
[]\OT1/cmtt/m/n/12 +-+-+-+-+-+-+-+-+-+-+-+-+-+-+-+-+-+-+-+-+-+-+-+-+-+-+-+-+-+-
+-+-+[] 
 []


Overfull \hbox (3.0366pt too wide) in paragraph at lines 379--379
[]\OT1/cmtt/m/n/12 |  Time to Live |    Protocol   |         Header Checksum   
    |[] 
 []


Overfull \hbox (3.0366pt too wide) in paragraph at lines 379--379
[]\OT1/cmtt/m/n/12 +-+-+-+-+-+-+-+-+-+-+-+-+-+-+-+-+-+-+-+-+-+-+-+-+-+-+-+-+-+-
+-+-+[] 
 []


Overfull \hbox (3.0366pt too wide) in paragraph at lines 379--379
[]\OT1/cmtt/m/n/12 |                       Source Address                      
    |[] 
 []


Overfull \hbox (3.0366pt too wide) in paragraph at lines 379--379
[]\OT1/cmtt/m/n/12 +-+-+-+-+-+-+-+-+-+-+-+-+-+-+-+-+-+-+-+-+-+-+-+-+-+-+-+-+-+-
+-+-+[] 
 []


Overfull \hbox (3.0366pt too wide) in paragraph at lines 379--379
[]\OT1/cmtt/m/n/12 |                    Destination Address                    
    |[] 
 []


Overfull \hbox (3.0366pt too wide) in paragraph at lines 379--379
[]\OT1/cmtt/m/n/12 +-+-+-+-+-+-+-+-+-+-+-+-+-+-+-+-+-+-+-+-+-+-+-+-+-+-+-+-+-+-
+-+-+[] 
 []


Overfull \hbox (3.0366pt too wide) in paragraph at lines 379--379
[]\OT1/cmtt/m/n/12 |                    Options                    |    Padding
    |[] 
 []


Overfull \hbox (3.0366pt too wide) in paragraph at lines 379--379
[]\OT1/cmtt/m/n/12 +-+-+-+-+-+-+-+-+-+-+-+-+-+-+-+-+-+-+-+-+-+-+-+-+-+-+-+-+-+-
+-+-+[] 
 []

Package atveryend Info: Empty hook `BeforeClearDocument' on input line 402.
[6] [7]
Package atveryend Info: Empty hook `AfterLastShipout' on input line 402.
 (./lab.aux)
Package atveryend Info: Executing hook `AtVeryEndDocument' on input line 402.
Package atveryend Info: Executing hook `AtEndAfterFileList' on input line 402.
Package rerunfilecheck Info: File `lab.out' has not changed.
(rerunfilecheck)             Checksum: C67AA4D7BDA35F5E8369E759D88A5775;563.
Package atveryend Info: Empty hook `AtVeryVeryEnd' on input line 402.
 ) 
Here is how much of TeX's memory you used:
 6258 strings out of 495011
 90941 string characters out of 3181364
 199712 words of memory out of 3000000
 9367 multiletter control sequences out of 15000+200000
 9532 words of font info for 34 fonts, out of 3000000 for 9000
 36 hyphenation exceptions out of 8191
 29i,9n,35p,234b,535s stack positions out of 5000i,500n,10000p,200000b,50000s
</usr/share/texmf-dist/fonts/type1/public/amsfonts/cm/cmbx10.pfb></usr/share/
texmf-dist/fonts/type1/public/amsfonts/cm/cmbx12.pfb></usr/share/texmf-dist/fon
ts/type1/public/amsfonts/cm/cmmi12.pfb></usr/share/texmf-dist/fonts/type1/publi
c/amsfonts/cm/cmmi8.pfb></usr/share/texmf-dist/fonts/type1/public/amsfonts/cm/c
mr10.pfb></usr/share/texmf-dist/fonts/type1/public/amsfonts/cm/cmr12.pfb></usr/
share/texmf-dist/fonts/type1/public/amsfonts/cm/cmr7.pfb></usr/share/texmf-dist
/fonts/type1/public/amsfonts/cm/cmr8.pfb></usr/share/texmf-dist/fonts/type1/pub
lic/amsfonts/cm/cmsy10.pfb></usr/share/texmf-dist/fonts/type1/public/amsfonts/c
m/cmti10.pfb></usr/share/texmf-dist/fonts/type1/public/amsfonts/cm/cmti12.pfb><
/usr/share/texmf-dist/fonts/type1/public/amsfonts/cm/cmtt10.pfb></usr/share/tex
mf-dist/fonts/type1/public/amsfonts/cm/cmtt12.pfb>
Output written on lab.pdf (8 pages, 203554 bytes).
PDF statistics:
 190 PDF objects out of 1000 (max. 8388607)
 162 compressed objects within 2 object streams
 46 named destinations out of 1000 (max. 500000)
 83 words of extra memory for PDF output out of 10000 (max. 10000000)

